<?xml version="1.0" encoding="UTF-8"?>
<testng-results ignored="0" total="1" passed="1" failed="0" skipped="0">
  <reporter-output>
  </reporter-output>
  <suite started-at="2022-10-01T10:03:48 IST" name="Default suite" finished-at="2022-10-01T10:03:50 IST" duration-ms="2462">
    <groups>
    </groups>
    <test started-at="2022-10-01T10:03:48 IST" name="Default test" finished-at="2022-10-01T10:03:50 IST" duration-ms="2462">
      <class name="wiremockit.StubForPost">
        <test-method signature="validateStatus()[pri:0, instance:wiremockit.StubForPost@693fe6c9]" started-at="2022-10-01T10:03:48 IST" name="validateStatus" finished-at="2022-10-01T10:03:50 IST" duration-ms="2411" status="PASS">
          <reporter-output>
          </reporter-output>
        </test-method> <!-- validateStatus -->
      </class> <!-- wiremockit.StubForPost -->
    </test> <!-- Default test -->
  </suite> <!-- Default suite -->
</testng-results>
